d:\vsprojects\dx12demo\terraindemo\release\vc140.pdb
d:\vsprojects\dx12demo\terraindemo\release\initd3d.obj
d:\vsprojects\dx12demo\terraindemo\release\frameresource.obj
d:\vsprojects\dx12demo\terraindemo\release\d3d12base.obj
d:\vsprojects\dx12demo\terraindemo\release\mathhelper.obj
d:\vsprojects\dx12demo\terraindemo\release\input.obj
d:\vsprojects\dx12demo\terraindemo\release\geometrygenerator.obj
d:\vsprojects\dx12demo\terraindemo\release\gametimer.obj
d:\vsprojects\dx12demo\terraindemo\release\ddstextureloader.obj
d:\vsprojects\dx12demo\terraindemo\release\d3dutil.obj
d:\vsprojects\dx12demo\terraindemo\release\camera.obj
d:\vsprojects\dx12demo\terraindemo\release\terraindemo.obj
d:\vsprojects\dx12demo\release\terraindemo.exe
d:\vsprojects\dx12demo\release\terraindemo.ipdb
d:\vsprojects\dx12demo\release\terraindemo.iobj
d:\vsprojects\dx12demo\release\terraindemo.pdb
d:\vsprojects\dx12demo\terraindemo\release\terraindemo.tlog\cl.command.1.tlog
d:\vsprojects\dx12demo\terraindemo\release\terraindemo.tlog\cl.read.1.tlog
d:\vsprojects\dx12demo\terraindemo\release\terraindemo.tlog\cl.write.1.tlog
d:\vsprojects\dx12demo\terraindemo\release\terraindemo.tlog\link.command.1.tlog
d:\vsprojects\dx12demo\terraindemo\release\terraindemo.tlog\link.read.1.tlog
d:\vsprojects\dx12demo\terraindemo\release\terraindemo.tlog\link.write.1.tlog
