c:\users\zhangchong\desktop\dx12demo\shadowdemo\release\vc140.pdb
c:\users\zhangchong\desktop\dx12demo\shadowdemo\release\waves.obj
c:\users\zhangchong\desktop\dx12demo\shadowdemo\release\shadowdemo.obj
c:\users\zhangchong\desktop\dx12demo\shadowdemo\release\frameresource.obj
c:\users\zhangchong\desktop\dx12demo\shadowdemo\release\mathhelper.obj
c:\users\zhangchong\desktop\dx12demo\shadowdemo\release\input.obj
c:\users\zhangchong\desktop\dx12demo\shadowdemo\release\geometrygenerator.obj
c:\users\zhangchong\desktop\dx12demo\shadowdemo\release\gametimer.obj
c:\users\zhangchong\desktop\dx12demo\shadowdemo\release\ddstextureloader.obj
c:\users\zhangchong\desktop\dx12demo\shadowdemo\release\d3dutil.obj
c:\users\zhangchong\desktop\dx12demo\shadowdemo\release\d3d12base.obj
c:\users\zhangchong\desktop\dx12demo\shadowdemo\release\camera.obj
c:\users\zhangchong\desktop\dx12demo\release\shadowdemo.exe
c:\users\zhangchong\desktop\dx12demo\release\shadowdemo.ipdb
c:\users\zhangchong\desktop\dx12demo\release\shadowdemo.iobj
c:\users\zhangchong\desktop\dx12demo\release\shadowdemo.pdb
c:\users\zhangchong\desktop\dx12demo\shadowdemo\release\shadowdemo.tlog\cl.command.1.tlog
c:\users\zhangchong\desktop\dx12demo\shadowdemo\release\shadowdemo.tlog\cl.read.1.tlog
c:\users\zhangchong\desktop\dx12demo\shadowdemo\release\shadowdemo.tlog\cl.write.1.tlog
c:\users\zhangchong\desktop\dx12demo\shadowdemo\release\shadowdemo.tlog\link.command.1.tlog
c:\users\zhangchong\desktop\dx12demo\shadowdemo\release\shadowdemo.tlog\link.read.1.tlog
c:\users\zhangchong\desktop\dx12demo\shadowdemo\release\shadowdemo.tlog\link.write.1.tlog
