  ShadowDemo.cpp
ShadowDemo.cpp(476): warning C4244: “=”: 从“float”转换到“LONG”，可能丢失数据
ShadowDemo.cpp(477): warning C4244: “=”: 从“float”转换到“LONG”，可能丢失数据
ShadowDemo.cpp(753): warning C4018: “<”: 有符号/无符号不匹配
ShadowDemo.cpp(756): warning C4018: “<”: 有符号/无符号不匹配
ShadowDemo.cpp(1120): warning C4018: “<”: 有符号/无符号不匹配
ShadowDemo.cpp(1218): warning C4018: “<”: 有符号/无符号不匹配
ShadowDemo.cpp(1223): warning C4018: “<”: 有符号/无符号不匹配
D:\vs2015\VC\include\memory(1630): warning C4244: “参数”: 从“int”转换到“float”，可能丢失数据
  ShadowDemo.cpp(240): note: 参见对正在编译的函数 模板 实例化“std::unique_ptr<Terrain,std::default_delete<_Ty>> std::make_unique<Terrain,int,int,int,int,float>(int &&,int &&,int &&,int &&,float &&)”的引用
          with
          [
              _Ty=Terrain
          ]
  正在生成代码
  1 of 4744 functions ( 0.0%) were compiled, the rest were copied from previous compilation.
    0 functions were new in current compilation
    1 functions had inline decision re-evaluated but remain unchanged
  已完成代码的生成
  ShadowDemo.vcxproj -> D:\Github\Dx12Demo\Release\ShadowDemo.exe
  ShadowDemo.vcxproj -> D:\Github\Dx12Demo\Release\ShadowDemo.pdb (Full PDB)
